<?xml version="1.0" encoding="UTF-8"?>
<testng-results skipped="0" failed="0" ignored="0" total="2" passed="2">
  <reporter-output>
  </reporter-output>
  <suite name="Surefire suite" duration-ms="470" started-at="2021-05-13T17:42:40Z" finished-at="2021-05-13T17:42:40Z">
    <groups>
    </groups>
    <test name="Surefire test" duration-ms="470" started-at="2021-05-13T17:42:40Z" finished-at="2021-05-13T17:42:40Z">
      <class name="org.avioconsulting.maven.mulelinter.test.JsonReportFormatterTest">
        <test-method status="PASS" signature="getCorrectFormatter()" name="getCorrectFormatter" duration-ms="16" started-at="2021-05-13T17:42:40Z" finished-at="2021-05-13T17:42:40Z">
          <reporter-output>
          </reporter-output>
        </test-method> <!-- getCorrectFormatter -->
        <test-method status="PASS" signature="testFormatterNoViolation()" name="testFormatterNoViolation" duration-ms="418" started-at="2021-05-13T17:42:40Z" finished-at="2021-05-13T17:42:40Z">
          <reporter-output>
          </reporter-output>
        </test-method> <!-- testFormatterNoViolation -->
      </class> <!-- org.avioconsulting.maven.mulelinter.test.JsonReportFormatterTest -->
    </test> <!-- Surefire test -->
  </suite> <!-- Surefire suite -->
</testng-results>
