<?xml version="1.0" encoding="UTF-8"?>
<testsuite xmlns:xsi="http://www.w3.org/2001/XMLSchema-instance" xsi:noNamespaceSchemaLocation="https://maven.apache.org/surefire/maven-surefire-plugin/xsd/surefire-test-report.xsd" name="org.avioconsulting.maven.mulelinter.test.JsonReportFormatterTest" time="10.664" tests="2" errors="0" skipped="0" failures="0">
  <properties>
[...]
</properties>
  <testcase name="getCorrectFormatter on getCorrectFormatter(org.avioconsulting.maven.mulelinter.test.JsonReportFormatterTest)" classname="org.avioconsulting.maven.mulelinter.test.JsonReportFormatterTest" time="0.006"/>
  <testcase name="testFormatterNoViolation on testFormatterNoViolation(org.avioconsulting.maven.mulelinter.test.JsonReportFormatterTest)" classname="org.avioconsulting.maven.mulelinter.test.JsonReportFormatterTest" time="0.403"/>
</testsuite>