<?xml version="1.0" encoding="UTF-8"?>
<!-- Generated by org.testng.reporters.JUnitXMLReporter -->
<testsuite hostname="ac0078.local" ignored="0" name="Surefire test" tests="2" failures="0" timestamp="13 May 2021 17:42:45 GMT" time="0.47" errors="0">
  <testcase name="getCorrectFormatter on getCorrectFormatter(org.avioconsulting.maven.mulelinter.test.JsonReportFormatterTest)" time="0.016" classname="org.avioconsulting.maven.mulelinter.test.JsonReportFormatterTest"/>
  <testcase name="testFormatterNoViolation on testFormatterNoViolation(org.avioconsulting.maven.mulelinter.test.JsonReportFormatterTest)" time="0.418" classname="org.avioconsulting.maven.mulelinter.test.JsonReportFormatterTest"/>
</testsuite> <!-- Surefire test -->
